#
# There is insufficient memory for the Java Runtime Environment to continue.
# Native memory allocation (mmap) failed to map 65536 bytes for Failed to commit area from 0x000001597bd00000 to 0x000001597bd10000 of length 65536.
# Possible reasons:
#   The system is out of physical RAM or swap space
#   The process is running with CompressedOops enabled, and the Java Heap may be blocking the growth of the native heap
# Possible solutions:
#   Reduce memory load on the system
#   Increase physical memory or swap space
#   Check if swap backing store is full
#   Decrease Java heap size (-Xmx/-Xms)
#   Decrease number of Java threads
#   Decrease Java thread stack sizes (-Xss)
#   Set larger code cache with -XX:ReservedCodeCacheSize=
# This output file may be truncated or incomplete.
#
#  Out of Memory Error (./src/hotspot/os/windows/os_windows.cpp:3380), pid=2348, tid=11072
#
# JRE version:  (11.0.12+7) (build )
# Java VM: OpenJDK 64-Bit Server VM (11.0.12+7, mixed mode, sharing, tiered, compressed oops, g1 gc, windows-amd64)
# No core dump will be written. Minidumps are not enabled by default on client versions of Windows
#

---------------  S U M M A R Y ------------

Command Line: 

Host: Intel(R) Core(TM) i7-2670QM CPU @ 2.20GHz, 8 cores, 7G,  Windows 10 , 64 bit Build 19041 (10.0.19041.1889)
Time: Sun Sep  4 13:37:15 2022 Hora oficial do Brasil elapsed time: 0.045033 seconds (0d 0h 0m 0s)

---------------  T H R E A D  ---------------

Current thread (0x000001597848b000):  JavaThread "Unknown thread" [_thread_in_vm, id=11072, stack(0x0000003dd1600000,0x0000003dd1700000)]

Stack: [0x0000003dd1600000,0x0000003dd1700000]
Native frames: (J=compiled Java code, j=interpreted, Vv=VM code, C=native code)
V  [jvm.dll+0x6090fa]
V  [jvm.dll+0x79229e]
V  [jvm.dll+0x79396f]
V  [jvm.dll+0x794033]
V  [jvm.dll+0x24bed8]
V  [jvm.dll+0x60624a]
V  [jvm.dll+0x5facf5]
V  [jvm.dll+0x303b5c]
V  [jvm.dll+0x3039e2]
V  [jvm.dll+0x308820]
V  [jvm.dll+0x34d5f5]
V  [jvm.dll+0x34d000]
V  [jvm.dll+0x2e0c68]
V  [jvm.dll+0x2e1dc6]
V  [jvm.dll+0x76d627]
V  [jvm.dll+0x76edaf]
V  [jvm.dll+0x35a359]
V  [jvm.dll+0x750710]
V  [jvm.dll+0x3c1f8f]
V  [jvm.dll+0x3c4461]
C  [jli.dll+0x5207]
C  [ucrtbase.dll+0x21bb2]
C  [KERNEL32.DLL+0x17034]
C  [ntdll.dll+0x52651]


---------------  P R O C E S S  ---------------

Threads class SMR info:
_java_thread_list=0x00000159769d3920, length=0, elements={
}

Java Threads: ( => current thread )

Other Threads:
  0x00000159784a1800 GCTaskThread "GC Thread#0" [stack: 0x0000003dd1700000,0x0000003dd1800000] [id=9384]
  0x00000159784d6000 ConcurrentGCThread "G1 Main Marker" [stack: 0x0000003dd1800000,0x0000003dd1900000] [id=11388]
  0x00000159784d8800 ConcurrentGCThread "G1 Conc#0" [stack: 0x0000003dd1900000,0x0000003dd1a00000] [id=13428]

[error occurred during error reporting (printing all threads), id 0xc0000005, EXCEPTION_ACCESS_VIOLATION (0xc0000005) at pc=0x00007ffea53f0337]

VM state:not at safepoint (not fully initialized)

VM Mutex/Monitor currently owned by a thread:  ([mutex/lock_event])
[0x0000015978487670] Heap_lock - owner thread: 0x000001597848b000

Heap address: 0x0000000080c00000, size: 2036 MB, Compressed Oops mode: Non-zero based: 0x0000000080c00000
Narrow klass base: 0x0000000000000000, Narrow klass shift: 0

GC Heap History (0 events):
No events

Deoptimization events (0 events):
No events

Classes redefined (0 events):
No events

Internal exceptions (0 events):
No events

Events (1 events):
Event: 0.025 Loaded shared library C:\Program Files\Microsoft\jdk-11.0.12.7-hotspot\bin\zip.dll


Dynamic libraries:
0x00007ff6d7a60000 - 0x00007ff6d7a6d000 	C:\Program Files\Microsoft\jdk-11.0.12.7-hotspot\bin\java.exe
0x00007fff3e3d0000 - 0x00007fff3e5c8000 	C:\WINDOWS\SYSTEM32\ntdll.dll
0x00007fff3d4c0000 - 0x00007fff3d57d000 	C:\WINDOWS\System32\KERNEL32.DLL
0x00007fff3be20000 - 0x00007fff3c0ee000 	C:\WINDOWS\System32\KERNELBASE.dll
0x00007fff3bbd0000 - 0x00007fff3bcd0000 	C:\WINDOWS\System32\ucrtbase.dll
0x00007fff34010000 - 0x00007fff34027000 	C:\Program Files\Microsoft\jdk-11.0.12.7-hotspot\bin\jli.dll
0x00007fff367c0000 - 0x00007fff367d5000 	C:\Program Files\Microsoft\jdk-11.0.12.7-hotspot\bin\VCRUNTIME140.dll
0x00007fff3d0e0000 - 0x00007fff3d280000 	C:\WINDOWS\System32\USER32.dll
0x00007fff3c250000 - 0x00007fff3c272000 	C:\WINDOWS\System32\win32u.dll
0x00007fff268f0000 - 0x00007fff26b8a000 	C:\WINDOWS\WinSxS\amd64_microsoft.windows.common-controls_6595b64144ccf1df_6.0.19041.1110_none_60b5254171f9507e\COMCTL32.dll
0x00007fff3c560000 - 0x00007fff3c58a000 	C:\WINDOWS\System32\GDI32.dll
0x00007fff3e1c0000 - 0x00007fff3e25e000 	C:\WINDOWS\System32\msvcrt.dll
0x00007fff3c280000 - 0x00007fff3c38b000 	C:\WINDOWS\System32\gdi32full.dll
0x00007fff3bcd0000 - 0x00007fff3bd6d000 	C:\WINDOWS\System32\msvcp_win.dll
0x00007fff3c8f0000 - 0x00007fff3c920000 	C:\WINDOWS\System32\IMM32.DLL
0x00007ffebac10000 - 0x00007ffebacab000 	C:\Program Files\Microsoft\jdk-11.0.12.7-hotspot\bin\msvcp140.dll
0x00007ffea5100000 - 0x00007ffea5c61000 	C:\Program Files\Microsoft\jdk-11.0.12.7-hotspot\bin\server\jvm.dll
0x00007fff3e2e0000 - 0x00007fff3e38e000 	C:\WINDOWS\System32\ADVAPI32.dll
0x00007fff3d280000 - 0x00007fff3d31c000 	C:\WINDOWS\System32\sechost.dll
0x00007fff3c430000 - 0x00007fff3c555000 	C:\WINDOWS\System32\RPCRT4.dll
0x00007fff3e260000 - 0x00007fff3e268000 	C:\WINDOWS\System32\PSAPI.DLL
0x00007fff2e310000 - 0x00007fff2e319000 	C:\WINDOWS\SYSTEM32\WSOCK32.dll
0x00007fff296b0000 - 0x00007fff296d7000 	C:\WINDOWS\SYSTEM32\WINMM.dll
0x00007fff33a30000 - 0x00007fff33a3a000 	C:\WINDOWS\SYSTEM32\VERSION.dll
0x00007fff3d3d0000 - 0x00007fff3d43b000 	C:\WINDOWS\System32\WS2_32.dll
0x00007fff39880000 - 0x00007fff39892000 	C:\WINDOWS\SYSTEM32\kernel.appcore.dll
0x00007fff36920000 - 0x00007fff36930000 	C:\Program Files\Microsoft\jdk-11.0.12.7-hotspot\bin\verify.dll
0x00007fff2afc0000 - 0x00007fff2b1a4000 	C:\WINDOWS\SYSTEM32\DBGHELP.DLL
0x00007fff2a630000 - 0x00007fff2a65c000 	C:\WINDOWS\SYSTEM32\dbgcore.DLL
0x00007fff3baf0000 - 0x00007fff3bb72000 	C:\WINDOWS\System32\bcryptPrimitives.dll
0x00007fff33fe0000 - 0x00007fff34008000 	C:\Program Files\Microsoft\jdk-11.0.12.7-hotspot\bin\java.dll
0x00007fff368d0000 - 0x00007fff368da000 	C:\Program Files\Microsoft\jdk-11.0.12.7-hotspot\bin\jimage.dll
0x00007fff33db0000 - 0x00007fff33dc7000 	C:\Program Files\Microsoft\jdk-11.0.12.7-hotspot\bin\zip.dll

dbghelp: loaded successfully - version: 4.0.5 - missing functions: none
symbol engine: initialized successfully - sym options: 0x614 - pdb path: .;C:\Program Files\Microsoft\jdk-11.0.12.7-hotspot\bin;C:\WINDOWS\SYSTEM32;C:\WINDOWS\WinSxS\amd64_microsoft.windows.common-controls_6595b64144ccf1df_6.0.19041.1110_none_60b5254171f9507e;C:\Program Files\Microsoft\jdk-11.0.12.7-hotspot\bin\server

VM Arguments:
java_command: <unknown>
java_class_path (initial): <not set>
Launcher Type: SUN_STANDARD

[Global flags]
     intx CICompilerCount                          = 4                                         {product} {ergonomic}
     uint ConcGCThreads                            = 2                                         {product} {ergonomic}
     uint G1ConcRefinementThreads                  = 8                                         {product} {ergonomic}
   size_t G1HeapRegionSize                         = 1048576                                   {product} {ergonomic}
    uintx GCDrainStackTargetSize                   = 64                                        {product} {ergonomic}
   size_t InitialHeapSize                          = 134217728                                 {product} {ergonomic}
   size_t MarkStackSize                            = 4194304                                   {product} {ergonomic}
   size_t MaxHeapSize                              = 2134900736                                {product} {ergonomic}
   size_t MinHeapDeltaBytes                        = 1048576                                   {product} {ergonomic}
    uintx NonNMethodCodeHeapSize                   = 5836300                                {pd product} {ergonomic}
    uintx NonProfiledCodeHeapSize                  = 122910970                              {pd product} {ergonomic}
    uintx ProfiledCodeHeapSize                     = 122910970                              {pd product} {ergonomic}
    uintx ReservedCodeCacheSize                    = 251658240                              {pd product} {ergonomic}
     bool SegmentedCodeCache                       = true                                      {product} {ergonomic}
     bool UseCompressedClassPointers               = true                                 {lp64_product} {ergonomic}
     bool UseCompressedOops                        = true                                 {lp64_product} {ergonomic}
     bool UseG1GC                                  = true                                      {product} {ergonomic}
     bool UseLargePagesIndividualAllocation        = false                                  {pd product} {ergonomic}

Logging:
Log output configuration:
 #0: stdout all=warning uptime,level,tags
 #1: stderr all=off uptime,level,tags

Environment Variables:
JAVA_HOME=C:\Program Files\Microsoft\jdk-11.0.12.7-hotspot
PATH=C:\Program Files\Common Files\Oracle\Java\javapath;C:\Program Files\Microsoft\jdk-11.0.12.7-hotspot\bin;C:\Program Files (x86)\Common Files\Intel\Shared Libraries\redist\intel64\compiler;C:\Program Files\Microsoft MPI\Bin\;C:\WINDOWS\system32;C:\WINDOWS;C:\WINDOWS\System32\Wbem;C:\WINDOWS\System32\WindowsPowerShell\v1.0\;C:\WINDOWS\System32\OpenSSH\;C:\Program Files (x86)\Microsoft SQL Server\140\Tools\Binn\;C:\Program Files\Microsoft SQL Server\140\Tools\Binn\;C:\Program Files\Microsoft SQL Server\140\DTS\Binn\;C:\Program Files\Microsoft SQL Server\Client SDK\ODBC\130\Tools\Binn\;C:\ProgramData\chocolatey\bin;C:\Program Files\dotnet\;C:\Program Files (x86)\NoteBook FanControl\;C:\Program Files\Microsoft SQL Server\150\Tools\Binn\;C:\Program Files\Microsoft SQL Server\Client SDK\ODBC\170\Tools\Binn\;C:\Program Files\Microsoft VS Code\bin;C:\Program Files\Java\jdk-17.0.2\bin;C:\Program Files\Git\cmd;C:\Program Files (x86)\Microsoft SQL Server\150\DTS\Binn\;C:\Program Files\Azure Data Studio\bin;C:\Program Files\Docker\Docker\resources\bin;C:\ProgramData\DockerDesktop\version-bin;C:\Users\Bruna\AppData\Local\Programs\Python\Python310\Scripts\;C:\Users\Bruna\AppData\Local\Programs\Python\Python310\;C:\Users\Bruna\AppData\Local\Microsoft\WindowsApps;;C:\Users\Bruna\.dotnet\tools;C:\Users\Bruna\AppData\Local\Programs\Microsoft VS Code\bin;C:\Program Files\Azure Data Studio\bin
USERNAME=Bruna Oliveira
OS=Windows_NT
PROCESSOR_IDENTIFIER=Intel64 Family 6 Model 42 Stepping 7, GenuineIntel



---------------  S Y S T E M  ---------------

OS: Windows 10 , 64 bit Build 19041 (10.0.19041.1889)
OS uptime: 0 days 22:34 hours
Hyper-V role detected

CPU:total 8 (initial active 8) (4 cores per cpu, 2 threads per core) family 6 model 42 stepping 7 microcode 0x2f, cmov, cx8, fxsr, mmx, sse, sse2, sse3, ssse3, sse4.1, sse4.2, popcnt, avx, aes, clmul, ht, tsc, tscinvbit

Memory: 4k page, system-wide physical 8139M (588M free)
TotalPageFile size 16139M (AvailPageFile size 3M)
current process WorkingSet (physical memory assigned to process): 12M, peak: 12M
current process commit charge ("private bytes"): 191M, peak: 191M

vm_info: OpenJDK 64-Bit Server VM (11.0.12+7) for windows-amd64 JRE (11.0.12+7), built on Jul 21 2021 15:41:43 by "" with unknown MS VC++:1916

END.
